31.10.2022 00:00:14.684 [http-nio-8080-exec-4] DEBUG default - Информация о клиенте с id:18 была обновлена
31.10.2022 00:37:27.584 [http-nio-8080-exec-9] INFO  default - Добавлен новый клиент с id=0
31.10.2022 00:37:39.373 [http-nio-8080-exec-4] DEBUG default - Информация о клиенте с id:18 была обновлена
31.10.2022 00:41:08.204 [http-nio-8080-exec-1] INFO  default - Поиск по ID выполнен.
31.10.2022 00:41:20.567 [http-nio-8080-exec-4] INFO  default - Клиент с ID=17удален
31.10.2022 00:42:08.839 [http-nio-8080-exec-8] INFO  default - Поиск по ID не дал результатов. Введен несуществующий ID
31.10.2022 00:43:36.183 [http-nio-8080-exec-10] INFO  default - Поиск по ID не дал результатов. Введен несуществующий ID
31.10.2022 00:43:59.802 [http-nio-8080-exec-9] INFO  default - Клиент с ID=18 удален
31.10.2022 00:44:00.745 [http-nio-8080-exec-2] INFO  default - Клиент с ID=19 удален
31.10.2022 00:44:03.216 [http-nio-8080-exec-7] INFO  default - Информация о клиенте с ID=20 была обновлена
31.10.2022 00:44:12.188 [http-nio-8080-exec-4] INFO  default - Выполнен поиск по ФИО, клиентов найдено:0
31.10.2022 00:58:10.882 [http-nio-8080-exec-1] DEBUG default - Клиент с ID=20 удален
31.10.2022 00:58:10.902 [http-nio-8080-exec-2] DEBUG default - Клиент с ID=20 удален
31.10.2022 00:58:13.336 [http-nio-8080-exec-3] DEBUG default - Удаление невозможно, клиента с таким ID нет
31.10.2022 00:58:16.028 [http-nio-8080-exec-5] DEBUG default - Клиент с ID=21 удален
31.10.2022 00:58:20.371 [http-nio-8080-exec-9] DEBUG default - Выполнен поиск по ФИО, клиентов найдено:0
31.10.2022 00:58:23.742 [http-nio-8080-exec-1] DEBUG default - Поиск по ID не дал результатов. Введен несуществующий ID
31.10.2022 00:58:27.194 [http-nio-8080-exec-2] DEBUG default - Поиск по ID выполнен.
31.10.2022 01:00:45.012 [http-nio-8080-exec-1] DEBUG default - Поиск по ID выполнен.
31.10.2022 01:09:41.191 [http-nio-8080-exec-6] DEBUG default - Клиент с ID=22 удален
31.10.2022 01:09:41.885 [http-nio-8080-exec-8] DEBUG default - Клиент с ID=23 удален
31.10.2022 01:14:04.091 [http-nio-8080-exec-2] DEBUG default - Добавлен новый клиент.
31.10.2022 01:15:16.668 [http-nio-8080-exec-1] INFO  default - Клиент с ID=24 удален
